./status.sh "golang httpd mariadb memcached nginx node openjdk perl php postgres python redis ruby tensorflow"
[status]
[status] == Get general information of container images ==
[status] [INFO] Base clearlinux image version:
[status]
REPOSITORY          TAG                 IMAGE ID            CREATED             SIZE
clearlinux          latest              12ad91977e2b        2 days ago          155MB
Installed version: 29940
Version URL:       https://cdn.download.clearlinux.org/update
Content URL:       https://cdn.download.clearlinux.org/update


REPOSITORY          TAG                 IMAGE ID            CREATED             SIZE
golang              latest              9fe4cdc1f173        7 days ago          774MB
golang              <none>              7ced090ee82e        6 weeks ago         774MB
REPOSITORY          TAG                 IMAGE ID            CREATED             SIZE
clearlinux/golang   latest              de65a0a5cdf2        2 hours ago         821MB
clearlinux/golang   <none>              0efc95b12c24        19 hours ago        821MB
clearlinux/golang   <none>              61f20f08b1f6        6 days ago          940MB
clearlinux/golang   <none>              de30401f4db6        6 days ago          937MB
clearlinux/golang   <none>              eed26d4d57bd        7 days ago          937MB
clearlinux/golang   <none>              f3e0bca87a96        10 days ago         946MB
default base layer Size:               101.000000 MB
default microservice added layer Size: 674.010000 MB
clearlinux base layer Size:               71.900000 MB
clearlinux update layer Size:             0.000000 MB
clearlinux microservice added layer Size: 749.000000 MB
golang image base version:
Debian GNU/Linux 9 \n \l

clearlinux/golang version:
VERSION_ID=29970


REPOSITORY          TAG                 IMAGE ID            CREATED             SIZE
httpd               latest              e77c77f17b46        9 days ago          140MB
httpd               <none>              3bd2a941224f        2 weeks ago         140MB
REPOSITORY          TAG                 IMAGE ID            CREATED             SIZE
clearlinux/httpd    latest              3079a689c89f        2 hours ago         124MB
clearlinux/httpd    <none>              38f1fc578dca        20 hours ago        124MB
clearlinux/httpd    <none>              2687cd2ffd55        6 days ago          195MB
clearlinux/httpd    <none>              82197abd2948        6 days ago          194MB
clearlinux/httpd    <none>              9bc5434de1dc        7 days ago          194MB
clearlinux/httpd    <none>              9f2351320330        10 days ago         187MB
default base layer Size:               55.300000 MB
default microservice added layer Size: 85.000133 MB
clearlinux base layer Size:               71.900000 MB
clearlinux update layer Size:             0.000000 MB
clearlinux microservice added layer Size: 51.700129 MB
httpd image base version:
Debian GNU/Linux 9 \n \l

clearlinux/httpd version:
VERSION_ID=29970


REPOSITORY          TAG                 IMAGE ID            CREATED             SIZE
mariadb             latest              f1e4084965e5        11 hours ago        356MB
mariadb             <none>              56089178535f        2 weeks ago         349MB
REPOSITORY           TAG                 IMAGE ID            CREATED             SIZE
clearlinux/mariadb   latest              9714ad21420c        21 hours ago        685MB
clearlinux/mariadb   <none>              b937d085980b        6 days ago          756MB
clearlinux/mariadb   <none>              05bcd292aefb        6 days ago          755MB
clearlinux/mariadb   <none>              0cbd0be2a3bf        7 days ago          755MB
clearlinux/mariadb   <none>              de76f5506d64        10 days ago         845MB
clearlinux/mariadb   <none>              4d39ff4fddab        11 days ago         845MB
default base layer Size:               63.200000 MB
default microservice added layer Size: 292.722025 MB
clearlinux base layer Size:               71.900000 MB
clearlinux update layer Size:             0.000000 MB
clearlinux microservice added layer Size: 613.012690 MB
mariadb image base version:
Ubuntu 18.04.2 LTS \n \l

clearlinux/mariadb version:
VERSION_ID=29970


REPOSITORY          TAG                 IMAGE ID            CREATED             SIZE
memcached           latest              de8ed9aa9b7e        9 days ago          67.5MB
memcached           <none>              b9e24f541dde        2 weeks ago         67.5MB
REPOSITORY             TAG                 IMAGE ID            CREATED             SIZE
clearlinux/memcached   latest              aefd76fa0b66        18 hours ago        79.5MB
clearlinux/memcached   <none>              0d2ea8162838        5 days ago          151MB
clearlinux/memcached   <none>              dab07d753792        6 days ago          150MB
clearlinux/memcached   <none>              8d18a5fbc44e        7 days ago          150MB
clearlinux/memcached   <none>              08512c39f037        10 days ago         143MB
clearlinux/memcached   <none>              a4cd31aee2c0        11 days ago         143MB
default base layer Size:               55.300000 MB
default microservice added layer Size: 12.230158 MB
clearlinux base layer Size:               71.900000 MB
clearlinux update layer Size:             0.000000 MB
clearlinux microservice added layer Size: 7.680488 MB
memcached image base version:
Debian GNU/Linux 9 \n \l

clearlinux/memcached version:
VERSION_ID=29970


REPOSITORY          TAG                 IMAGE ID            CREATED             SIZE
nginx               latest              719cd2e3ed04        9 days ago          109MB
nginx               <none>              62c261073ecf        2 weeks ago         109MB
REPOSITORY          TAG                 IMAGE ID            CREATED             SIZE
clearlinux/nginx    latest              7b6d02ecfe31        14 hours ago        79.7MB
clearlinux/nginx    <none>              d26776c99807        6 days ago          151MB
clearlinux/nginx    <none>              ea809a67b743        6 days ago          150MB
clearlinux/nginx    <none>              608c0677cbce        7 days ago          150MB
clearlinux/nginx    <none>              59b85a4942e0        10 days ago         143MB
clearlinux/nginx    <none>              373f0ed678f7        11 days ago         143MB
default base layer Size:               55.300000 MB
default microservice added layer Size: 54.000022 MB
clearlinux base layer Size:               71.900000 MB
clearlinux update layer Size:             0.000000 MB
clearlinux microservice added layer Size: 7.840501 MB
nginx image base version:
Debian GNU/Linux 9 \n \l

clearlinux/nginx version:
VERSION_ID=29970


REPOSITORY          TAG                 IMAGE ID            CREATED             SIZE
node                latest              b074182f4154        8 days ago          906MB
node                <none>              451b716593e5        2 weeks ago         906MB
REPOSITORY          TAG                 IMAGE ID            CREATED             SIZE
clearlinux/node     latest              f283e7c55cd4        14 hours ago        247MB
clearlinux/node     <none>              46cb34faf3c8        5 days ago          366MB
clearlinux/node     <none>              cc8c6c7c9337        6 days ago          362MB
clearlinux/node     <none>              9ff1be562d1d        7 days ago          362MB
clearlinux/node     <none>              0d3826753a35        10 days ago         357MB
clearlinux/node     <none>              797622be19e3        11 days ago         357MB
default base layer Size:               101.000000 MB
default microservice added layer Size: 805.723116 MB
clearlinux base layer Size:               71.900000 MB
clearlinux update layer Size:             0.000000 MB
clearlinux microservice added layer Size: 175.000000 MB
node image base version:
Debian GNU/Linux 9 \n \l

clearlinux/node version:
VERSION_ID=29970


REPOSITORY          TAG                 IMAGE ID            CREATED             SIZE
openjdk             8-jre-stretch       ad64853179c1        9 days ago          246MB
openjdk             latest              ef36deb98f03        3 weeks ago         470MB
REPOSITORY           TAG                 IMAGE ID            CREATED             SIZE
clearlinux/openjdk   latest              5b42c028be45        19 hours ago        757MB
clearlinux/openjdk   <none>              e8fbefbeaefb        5 days ago          876MB
clearlinux/openjdk   <none>              7a1b5a722d12        6 days ago          850MB
clearlinux/openjdk   <none>              1bd50c03dcd7        7 days ago          850MB
clearlinux/openjdk   <none>              8372a0fec11b        10 days ago         837MB
clearlinux/openjdk   <none>              be1ccf1fc1f6        11 days ago         837MB
default base layer Size:               118.000000 MB
default microservice added layer Size: 351.600000 MB
clearlinux base layer Size:               71.900000 MB
clearlinux update layer Size:             0.000000 MB
clearlinux microservice added layer Size: 685.000000 MB
openjdk image base version:
\S
Kernel \r on an \m

clearlinux/openjdk version:
VERSION_ID=29970


REPOSITORY          TAG                 IMAGE ID            CREATED             SIZE
perl                latest              84486f2c05a0        9 days ago          889MB
perl                <none>              2c0b349829f1        3 weeks ago         889MB
REPOSITORY          TAG                 IMAGE ID            CREATED             SIZE
clearlinux/perl     latest              e9dec7837075        18 hours ago        473MB
clearlinux/perl     <none>              b7cef12cbf13        6 days ago          589MB
clearlinux/perl     <none>              0dcb12a1f686        6 days ago          585MB
clearlinux/perl     <none>              b4c31cf40b7e        7 days ago          585MB
clearlinux/perl     <none>              b89a66c229d2        10 days ago         500MB
clearlinux/perl     <none>              eb70dcd9641b        11 days ago         500MB
default base layer Size:               101.000000 MB
default microservice added layer Size: 788.810000 MB
clearlinux base layer Size:               71.900000 MB
clearlinux update layer Size:             0.000000 MB
clearlinux microservice added layer Size: 401.000000 MB
perl image base version:
Debian GNU/Linux 9 \n \l

clearlinux/perl version:
VERSION_ID=29970


REPOSITORY          TAG                 IMAGE ID            CREATED             SIZE
php                 latest              f0357c41bff5        2 days ago          367MB
php                 <none>              7c0d5cc3754b        7 days ago          367MB
php                 <none>              ed0235a0b63c        9 days ago          367MB
php                 <none>              a62c67056b4c        2 weeks ago         367MB
REPOSITORY          TAG                 IMAGE ID            CREATED             SIZE
clearlinux/php      latest              f67f539972b0        18 hours ago        249MB
clearlinux/php      <none>              abf7613bd7d0        6 days ago          368MB
clearlinux/php      <none>              86a6bc34e8d4        6 days ago          364MB
clearlinux/php      <none>              16b543cbae7a        6 days ago          364MB
clearlinux/php      <none>              dd631848a893        10 days ago         391MB
clearlinux/php      <none>              3dab4bc23788        11 days ago         391MB
default base layer Size:               55.300000 MB
default microservice added layer Size: 311.007153 MB
clearlinux base layer Size:               71.900000 MB
clearlinux update layer Size:             0.000000 MB
clearlinux microservice added layer Size: 177.000000 MB
php image base version:
Debian GNU/Linux 9 \n \l

clearlinux/php version:
VERSION_ID=29970


REPOSITORY          TAG                 IMAGE ID            CREATED             SIZE
postgres            latest              4e045cb8eecd        9 days ago          312MB
postgres            <none>              587aa1d0e586        5 weeks ago         312MB
REPOSITORY            TAG                 IMAGE ID            CREATED             SIZE
clearlinux/postgres   latest              7347fa2cc087        18 hours ago        117MB
clearlinux/postgres   <none>              202b4870a22a        5 days ago          188MB
clearlinux/postgres   <none>              f2aaadbed1b0        6 days ago          187MB
clearlinux/postgres   <none>              ebc834435fdb        6 days ago          309MB
clearlinux/postgres   <none>              2caf1035601e        10 days ago         304MB
clearlinux/postgres   <none>              a42b76ad098d        11 days ago         304MB
default base layer Size:               55.300000 MB
default microservice added layer Size: 257.207224 MB
clearlinux base layer Size:               71.900000 MB
clearlinux update layer Size:             0.000000 MB
clearlinux microservice added layer Size: 44.905180 MB
postgres image base version:
Debian GNU/Linux 9 \n \l

clearlinux/postgres version:
VERSION_ID=29970


REPOSITORY          TAG                 IMAGE ID            CREATED             SIZE
python              latest              34a518642c76        9 days ago          929MB
python              <none>              a4cc999cf2aa        6 weeks ago         929MB
REPOSITORY          TAG                 IMAGE ID            CREATED             SIZE
clearlinux/python   latest              c97471dda1a2        16 hours ago        219MB
clearlinux/python   <none>              6aae3d411d03        6 days ago          338MB
clearlinux/python   <none>              0ef3130dcf2e        6 days ago          334MB
clearlinux/python   <none>              9b5d672a900f        6 days ago          334MB
clearlinux/python   <none>              98e9057711fc        10 days ago         329MB
clearlinux/python   <none>              2df653281532        11 days ago         329MB
default base layer Size:               101.000000 MB
default microservice added layer Size: 828.470032 MB
clearlinux base layer Size:               71.900000 MB
clearlinux update layer Size:             0.000000 MB
clearlinux microservice added layer Size: 147.000000 MB
python image base version:
Debian GNU/Linux 9 \n \l

clearlinux/python version:
VERSION_ID=29970


REPOSITORY          TAG                 IMAGE ID            CREATED             SIZE
redis               latest              3c41ce05add9        9 days ago          95MB
redis               <none>              d3e3588af517        5 weeks ago         95MB
REPOSITORY          TAG                 IMAGE ID            CREATED             SIZE
clearlinux/redis    latest              1f778d57e82e        13 hours ago        79.3MB
clearlinux/redis    <none>              f42346624b22        6 days ago          79.1MB
clearlinux/redis    <none>              8e048ecfbd98        6 days ago          150MB
clearlinux/redis    <none>              ee0b7dc44b97        6 days ago          150MB
clearlinux/redis    <none>              ba17d1727454        9 days ago          143MB
clearlinux/redis    <none>              34acde851ed7        11 days ago         143MB
default base layer Size:               55.300000 MB
default microservice added layer Size: 39.729374 MB
clearlinux base layer Size:               71.900000 MB
clearlinux update layer Size:             0.000000 MB
clearlinux microservice added layer Size: 7.450794 MB
redis image base version:
Debian GNU/Linux 9 \n \l

clearlinux/redis version:
VERSION_ID=29970


REPOSITORY          TAG                 IMAGE ID            CREATED             SIZE
ruby                latest              877a53569182        9 days ago          870MB
ruby                <none>              682cc2f5b383        6 weeks ago         870MB
REPOSITORY          TAG                 IMAGE ID            CREATED             SIZE
clearlinux/ruby     latest              10b658b6e362        22 hours ago        193MB
clearlinux/ruby     <none>              7493cb4064ef        6 days ago          312MB
clearlinux/ruby     <none>              73e215754965        6 days ago          308MB
clearlinux/ruby     <none>              d10d4d598d2c        6 days ago          308MB
clearlinux/ruby     <none>              ddd51468cdc0        9 days ago          303MB
clearlinux/ruby     <none>              12e63c2b24be        10 days ago         303MB
default base layer Size:               101.000000 MB
default microservice added layer Size: 769.310045 MB
clearlinux base layer Size:               71.900000 MB
clearlinux update layer Size:             0.000000 MB
clearlinux microservice added layer Size: 121.000000 MB
ruby image base version:
Debian GNU/Linux 9 \n \l

clearlinux/ruby version:
VERSION_ID=29970


REPOSITORY              TAG                 IMAGE ID            CREATED             SIZE
tensorflow/tensorflow   latest              c9a0882cbdbc        7 weeks ago         1.05GB
REPOSITORY              TAG                 IMAGE ID            CREATED             SIZE
clearlinux/tensorflow   latest              3eb0af73e00c        13 hours ago        3.37GB
clearlinux/tensorflow   <none>              6431a922f3d2        6 days ago          3.5GB
clearlinux/tensorflow   <none>              ae92d0f07665        6 days ago          3.47GB
clearlinux/tensorflow   <none>              2fcb808b337b        9 days ago          3.46GB
clearlinux/tensorflow   <none>              321d95c48e27        10 days ago         3.46GB
default base layer Size:               119.000000 MB
default microservice added layer Size: 936.004307 MB
clearlinux base layer Size:               71.900000 MB
clearlinux update layer Size:             0.000000 MB
clearlinux microservice added layer Size: 3300.000000 MB
tensorflow image base version:
Ubuntu 16.04.6 LTS \n \l

clearlinux/tensorflow version:
29970VERSION_ID=
