./update.sh "golang httpd mariadb memcached nginx node openjdk perl php postgres python rabbitmq redis ruby tensorflow"
[update] 
[update] == Updating the container images: golang httpd mariadb memcached nginx node openjdk perl php postgres python rabbitmq redis ruby tensorflow ==
Using default tag: latest
latest: Pulling from library/clearlinux
Digest: sha256:b8e5d3b2576eb6d868f8d52e401f678c873264d349e469637f98ee2adf7b33d4
Status: Image is up to date for clearlinux:latest
Using default tag: latest
latest: Pulling from library/golang
Digest: sha256:35200a727dc44175d9221a6ece398eed7e4b8e17cb7f0d72b20bf2d5cf9dc00d
Status: Image is up to date for golang:latest
Using default tag: latest
latest: Pulling from clearlinux/golang
793b9e9a060c: Pulling fs layer
aa7308718112: Pulling fs layer
87fa8771e5ca: Pulling fs layer
87fa8771e5ca: Verifying Checksum
87fa8771e5ca: Download complete
793b9e9a060c: Verifying Checksum
793b9e9a060c: Download complete
793b9e9a060c: Pull complete
aa7308718112: Retrying in 5 seconds
aa7308718112: Retrying in 4 seconds
aa7308718112: Retrying in 3 seconds
aa7308718112: Retrying in 2 seconds
aa7308718112: Retrying in 1 second
aa7308718112: Download complete
aa7308718112: Pull complete
87fa8771e5ca: Pull complete
Digest: sha256:984d94d2713a6ebc72283cea81ba0703fec9bc231d02330e9c49fc16f497b0d4
Status: Downloaded newer image for clearlinux/golang:latest
Using default tag: latest
latest: Pulling from library/httpd
Digest: sha256:a129c3a747fe9e406bf91d4d1fb2d4ed7b51d7a1f523fcf372c18c3c35981d12
Status: Image is up to date for httpd:latest
Using default tag: latest
latest: Pulling from clearlinux/httpd
793b9e9a060c: Already exists
20def8c6ac3a: Pulling fs layer
f5bc80f5c052: Pulling fs layer
8454e0eef6e2: Pulling fs layer
8fdf99a15e42: Pulling fs layer
bf683df3409a: Pulling fs layer
bf683df3409a: Waiting
8fdf99a15e42: Waiting
f5bc80f5c052: Verifying Checksum
f5bc80f5c052: Download complete
8454e0eef6e2: Download complete
bf683df3409a: Download complete
8fdf99a15e42: Verifying Checksum
8fdf99a15e42: Download complete
20def8c6ac3a: Verifying Checksum
20def8c6ac3a: Download complete
20def8c6ac3a: Pull complete
f5bc80f5c052: Pull complete
8454e0eef6e2: Pull complete
8fdf99a15e42: Pull complete
bf683df3409a: Pull complete
Digest: sha256:3ff8bf364d1cb7267291b124710773775a5a72e87532d52736eab75c35216d4f
Status: Downloaded newer image for clearlinux/httpd:latest
Using default tag: latest
latest: Pulling from library/mariadb
Digest: sha256:29e6b7cff37f102aea741de2005f5b007031a003223e010c9b78a34f91ec069d
Status: Image is up to date for mariadb:latest
Using default tag: latest
latest: Pulling from clearlinux/mariadb
793b9e9a060c: Already exists
1d0452717ad5: Pulling fs layer
3166ca6df896: Pulling fs layer
a46a7ce66a7f: Pulling fs layer
ed5efabbca1a: Pulling fs layer
be7ee93aec84: Pulling fs layer
51f6feeac75b: Pulling fs layer
ed5efabbca1a: Waiting
be7ee93aec84: Waiting
51f6feeac75b: Waiting
a46a7ce66a7f: Verifying Checksum
a46a7ce66a7f: Download complete
ed5efabbca1a: Download complete
3166ca6df896: Verifying Checksum
3166ca6df896: Download complete
be7ee93aec84: Verifying Checksum
be7ee93aec84: Download complete
51f6feeac75b: Verifying Checksum
51f6feeac75b: Download complete
1d0452717ad5: Retrying in 5 seconds
1d0452717ad5: Retrying in 4 seconds
1d0452717ad5: Retrying in 3 seconds
1d0452717ad5: Retrying in 2 seconds
1d0452717ad5: Retrying in 1 second
1d0452717ad5: Verifying Checksum
1d0452717ad5: Download complete
1d0452717ad5: Pull complete
3166ca6df896: Pull complete
a46a7ce66a7f: Pull complete
ed5efabbca1a: Pull complete
be7ee93aec84: Pull complete
51f6feeac75b: Pull complete
Digest: sha256:99f0994c4cf691c79f565307b994c5777bb2eb55bfdbb0b453619db1a829f36d
Status: Downloaded newer image for clearlinux/mariadb:latest
Using default tag: latest
latest: Pulling from library/memcached
Digest: sha256:5d1d9bdd12197ead02a0744d5950ba6f31d0d2fa50076dc8babbc8d8b9abe567
Status: Image is up to date for memcached:latest
Using default tag: latest
latest: Pulling from clearlinux/memcached
793b9e9a060c: Already exists
2a70580ccb6b: Pulling fs layer
5f5211e5ff43: Pulling fs layer
9643fa864ba7: Pulling fs layer
9643fa864ba7: Download complete
5f5211e5ff43: Verifying Checksum
5f5211e5ff43: Download complete
2a70580ccb6b: Verifying Checksum
2a70580ccb6b: Download complete
2a70580ccb6b: Pull complete
5f5211e5ff43: Pull complete
9643fa864ba7: Pull complete
Digest: sha256:f17c6128d878f9624b52d04d87c9071ca2b7084757155d9dba47474208bd35d7
Status: Downloaded newer image for clearlinux/memcached:latest
Using default tag: latest
latest: Pulling from library/nginx
Digest: sha256:bdbf36b7f1f77ffe7bd2a32e59235dff6ecf131e3b6b5b96061c652f30685f3a
Status: Image is up to date for nginx:latest
Using default tag: latest
latest: Pulling from clearlinux/nginx
793b9e9a060c: Already exists
a88d15e359a1: Pulling fs layer
7b2dc7aa8dde: Pulling fs layer
1fd7081ce0c1: Pulling fs layer
7b2dc7aa8dde: Verifying Checksum
7b2dc7aa8dde: Download complete
1fd7081ce0c1: Download complete
a88d15e359a1: Verifying Checksum
a88d15e359a1: Download complete
a88d15e359a1: Pull complete
7b2dc7aa8dde: Pull complete
1fd7081ce0c1: Pull complete
Digest: sha256:b03f9cdc28c6acbc1f45335bdc1091f7c7237b2bc69bd4b9de4db120be7ba999
Status: Downloaded newer image for clearlinux/nginx:latest
Using default tag: latest
latest: Pulling from library/node
Digest: sha256:ff37127378242accaa80c6c3426d02d3f749c7b220401f791eda5c954a60ed75
Status: Image is up to date for node:latest
Using default tag: latest
latest: Pulling from clearlinux/node
793b9e9a060c: Already exists
e45020601887: Pulling fs layer
e45020601887: Verifying Checksum
e45020601887: Download complete
e45020601887: Pull complete
Digest: sha256:f24a8d24e95a1d31329e0679db5d25ec0eb6d6542e5ffedf414ea9ce96f7d16d
Status: Downloaded newer image for clearlinux/node:latest
Using default tag: latest
latest: Pulling from library/openjdk
Digest: sha256:c02e6a597468013bc87238c2b68766de6a63d35678575525c13978b2bfce2012
Status: Image is up to date for openjdk:latest
Using default tag: latest
latest: Pulling from clearlinux/openjdk
793b9e9a060c: Already exists
3d804b1769f6: Pulling fs layer
3d804b1769f6: Retrying in 5 seconds
3d804b1769f6: Retrying in 4 seconds
3d804b1769f6: Retrying in 3 seconds
3d804b1769f6: Retrying in 2 seconds
3d804b1769f6: Retrying in 1 second
3d804b1769f6: Retrying in 10 seconds
3d804b1769f6: Retrying in 9 seconds
3d804b1769f6: Retrying in 8 seconds
3d804b1769f6: Retrying in 7 seconds
3d804b1769f6: Retrying in 6 seconds
3d804b1769f6: Retrying in 5 seconds
3d804b1769f6: Retrying in 4 seconds
3d804b1769f6: Retrying in 3 seconds
3d804b1769f6: Retrying in 2 seconds
3d804b1769f6: Retrying in 1 second
3d804b1769f6: Retrying in 15 seconds
3d804b1769f6: Retrying in 14 seconds
3d804b1769f6: Retrying in 13 seconds
3d804b1769f6: Retrying in 12 seconds
3d804b1769f6: Retrying in 11 seconds
3d804b1769f6: Retrying in 10 seconds
3d804b1769f6: Retrying in 9 seconds
3d804b1769f6: Retrying in 8 seconds
3d804b1769f6: Retrying in 7 seconds
3d804b1769f6: Retrying in 6 seconds
3d804b1769f6: Retrying in 5 seconds
3d804b1769f6: Retrying in 4 seconds
3d804b1769f6: Retrying in 3 seconds
3d804b1769f6: Retrying in 2 seconds
3d804b1769f6: Retrying in 1 second
3d804b1769f6: Verifying Checksum
3d804b1769f6: Download complete
3d804b1769f6: Pull complete
Digest: sha256:06225f2c348f23f5aafe4a9f7d6f84a4c20cadb306f1ebd410fbe915cf92e744
Status: Downloaded newer image for clearlinux/openjdk:latest
Using default tag: latest
latest: Pulling from library/perl
Digest: sha256:09658d759eaf5d117da54bc72e2b11a4a03c578cc638008fa83d26fe18b74b26
Status: Image is up to date for perl:latest
Using default tag: latest
latest: Pulling from clearlinux/perl
de0380a822dd: Pulling fs layer
bc6129eee959: Pulling fs layer
de0380a822dd: Verifying Checksum
de0380a822dd: Download complete
de0380a822dd: Pull complete
bc6129eee959: Retrying in 5 seconds
bc6129eee959: Retrying in 4 seconds
bc6129eee959: Retrying in 3 seconds
bc6129eee959: Retrying in 2 seconds
bc6129eee959: Retrying in 1 second
bc6129eee959: Verifying Checksum
bc6129eee959: Download complete
bc6129eee959: Pull complete
Digest: sha256:181d018cfd81abcb8a9218aa381679a5d01e48a18b5a623394b3c916fff97c0b
Status: Downloaded newer image for clearlinux/perl:latest
Using default tag: latest
latest: Pulling from library/php
Digest: sha256:d442f7c42e4d2a6b0e1292cf9af7d085d0a7feabba72c276f01014672dc1b869
Status: Image is up to date for php:latest
Using default tag: latest
latest: Pulling from clearlinux/php
de0380a822dd: Already exists
c8db4ab85dcd: Pulling fs layer
c8db4ab85dcd: Verifying Checksum
c8db4ab85dcd: Download complete
c8db4ab85dcd: Pull complete
Digest: sha256:8d45e8e2059e43cba7202a9e3670de3b3287440c83c9abaca9851169cc19e418
Status: Downloaded newer image for clearlinux/php:latest
Using default tag: latest
latest: Pulling from library/postgres
Digest: sha256:1518027f4aaee49b836c5cf4ece1b4a16bdcd820af873402e19e1cc181c1aff2
Status: Image is up to date for postgres:latest
Using default tag: latest
latest: Pulling from clearlinux/postgres
de0380a822dd: Already exists
4645ac5849cb: Pulling fs layer
2f0b9d07ded4: Pulling fs layer
9fac27fd1a0d: Pulling fs layer
98185debf0aa: Pulling fs layer
c424921d15df: Pulling fs layer
98185debf0aa: Waiting
c424921d15df: Waiting
9fac27fd1a0d: Verifying Checksum
9fac27fd1a0d: Download complete
2f0b9d07ded4: Download complete
c424921d15df: Verifying Checksum
c424921d15df: Download complete
4645ac5849cb: Verifying Checksum
4645ac5849cb: Download complete
4645ac5849cb: Pull complete
2f0b9d07ded4: Pull complete
9fac27fd1a0d: Pull complete
98185debf0aa: Pull complete
c424921d15df: Pull complete
Digest: sha256:830359ffbd605ae352396a90554d9b032e247de387b26fef3b2099ef9038c88b
Status: Downloaded newer image for clearlinux/postgres:latest
Using default tag: latest
latest: Pulling from library/python
Digest: sha256:9e0b4f32487ca1863b45383420b8db77990debae748e2e875d2f86fa9510d4a5
Status: Image is up to date for python:latest
Using default tag: latest
latest: Pulling from clearlinux/python
de0380a822dd: Already exists
0a1d5f62b977: Pulling fs layer
0a1d5f62b977: Verifying Checksum
0a1d5f62b977: Download complete
0a1d5f62b977: Pull complete
Digest: sha256:97c654e647fad2e18b245f5923ed88f2a0c2a4c45284b1fd3f7069efc7cb24dc
Status: Downloaded newer image for clearlinux/python:latest
Using default tag: latest
latest: Pulling from library/rabbitmq
5b7339215d1d: Already exists
14ca88e9f672: Already exists
a31c3b1caad4: Already exists
b054a26005b7: Already exists
eef17c6cb6cf: Pulling fs layer
2f1b018e55d1: Pulling fs layer
6cb106540743: Pulling fs layer
88b93ace2192: Pulling fs layer
609cd90dbc7b: Pulling fs layer
c9ee32f1144b: Pulling fs layer
88b93ace2192: Waiting
609cd90dbc7b: Waiting
6cb106540743: Verifying Checksum
6cb106540743: Download complete
eef17c6cb6cf: Download complete
eef17c6cb6cf: Pull complete
609cd90dbc7b: Verifying Checksum
609cd90dbc7b: Download complete
c9ee32f1144b: Download complete
2f1b018e55d1: Verifying Checksum
2f1b018e55d1: Download complete
2f1b018e55d1: Pull complete
6cb106540743: Pull complete
88b93ace2192: Verifying Checksum
88b93ace2192: Download complete
88b93ace2192: Pull complete
609cd90dbc7b: Pull complete
c9ee32f1144b: Pull complete
Digest: sha256:db558ab49aa234c3ea6c365a4e244126a832ad050c525992ecb53176549d9c7f
Status: Downloaded newer image for rabbitmq:latest
Using default tag: latest
latest: Pulling from clearlinux/rabbitmq
de0380a822dd: Already exists
a1d9a98b5b5f: Pulling fs layer
54464ec8885b: Pulling fs layer
213679f82020: Pulling fs layer
54464ec8885b: Verifying Checksum
54464ec8885b: Download complete
213679f82020: Download complete
a1d9a98b5b5f: Verifying Checksum
a1d9a98b5b5f: Download complete
a1d9a98b5b5f: Pull complete
54464ec8885b: Pull complete
213679f82020: Pull complete
Digest: sha256:fdb48b00b66f21e530ab8571816ef178ae615c5c5e3e3e62665f9710a7d39695
Status: Downloaded newer image for clearlinux/rabbitmq:latest
Using default tag: latest
latest: Pulling from library/redis
Digest: sha256:ca2d9251c2818df48c6598e01a5bdeab46040dc7ab236abe075d7c7343465177
Status: Image is up to date for redis:latest
Using default tag: latest
latest: Pulling from clearlinux/redis
de0380a822dd: Already exists
0a8c14595869: Pulling fs layer
dedd97d334d4: Pulling fs layer
532428770cdf: Pulling fs layer
5b932ea22e11: Pulling fs layer
dedd97d334d4: Download complete
532428770cdf: Download complete
0a8c14595869: Verifying Checksum
0a8c14595869: Download complete
5b932ea22e11: Download complete
0a8c14595869: Pull complete
dedd97d334d4: Pull complete
532428770cdf: Pull complete
5b932ea22e11: Pull complete
Digest: sha256:71621f20677ce89368eb901003189b713c6b045ea8c35019b18011ccec46b4c2
Status: Downloaded newer image for clearlinux/redis:latest
Using default tag: latest
latest: Pulling from library/ruby
Digest: sha256:90e8ee6a35bdecdb67cb1d5f0333c79604eab86b7a5a6ad2417378a216f7a316
Status: Image is up to date for ruby:latest
Using default tag: latest
latest: Pulling from clearlinux/ruby
de0380a822dd: Already exists
2cd0ab62cff6: Pulling fs layer
2cd0ab62cff6: Verifying Checksum
2cd0ab62cff6: Download complete
2cd0ab62cff6: Pull complete
Digest: sha256:c61283bb9ae8589cff46c438d09134c51f9a2856b433707855349b5329246576
Status: Downloaded newer image for clearlinux/ruby:latest
Using default tag: latest
latest: Pulling from tensorflow/tensorflow
Digest: sha256:87463fd80faa6e7979b78d2f1a26d62262210653eb166b638069ed06ae68dacb
Status: Image is up to date for tensorflow/tensorflow:latest
Using default tag: latest
latest: Pulling from clearlinux/tensorflow
de0380a822dd: Already exists
4268f6916700: Pulling fs layer
4268f6916700: Verifying Checksum
4268f6916700: Download complete
4268f6916700: Pull complete
Digest: sha256:eea629418dc79080fe6048958c60d3252f45ccd084eff830c48cd1f8cb242e17
Status: Downloaded newer image for clearlinux/tensorflow:latest
